c:\users\phucdeptrai\source\repos\dsa mid\dsa mid\x64\debug\vc143.pdb
c:\users\phucdeptrai\source\repos\dsa mid\dsa mid\x64\debug\vc143.idb
c:\users\phucdeptrai\source\repos\dsa mid\dsa mid\x64\debug\dsa mid.obj
c:\users\phucdeptrai\source\repos\dsa mid\dsa mid\x64\debug\mian.obj
c:\users\phucdeptrai\source\repos\dsa mid\dsa mid\x64\debug\binarysearch.obj
c:\users\phucdeptrai\source\repos\dsa mid\x64\debug\dsa mid.exe
c:\users\phucdeptrai\source\repos\dsa mid\x64\debug\dsa mid.pdb
c:\users\phucdeptrai\source\repos\dsa mid\dsa mid\x64\debug\dsa mid.ilk
c:\users\phucdeptrai\source\repos\dsa mid\dsa mid\x64\debug\binarysearchtree.obj
c:\users\phucdeptrai\source\repos\dsa mid\dsa mid\x64\debug\binarytree.obj
c:\users\phucdeptrai\source\repos\dsa mid\dsa mid\x64\debug\dsa mid.tlog\cl.command.1.tlog
c:\users\phucdeptrai\source\repos\dsa mid\dsa mid\x64\debug\dsa mid.tlog\cl.items.tlog
c:\users\phucdeptrai\source\repos\dsa mid\dsa mid\x64\debug\dsa mid.tlog\cl.read.1.tlog
c:\users\phucdeptrai\source\repos\dsa mid\dsa mid\x64\debug\dsa mid.tlog\cl.write.1.tlog
c:\users\phucdeptrai\source\repos\dsa mid\dsa mid\x64\debug\dsa mid.tlog\link.23984-cvtres.read.1.tlog
c:\users\phucdeptrai\source\repos\dsa mid\dsa mid\x64\debug\dsa mid.tlog\link.23984-cvtres.write.1.tlog
c:\users\phucdeptrai\source\repos\dsa mid\dsa mid\x64\debug\dsa mid.tlog\link.23984-rc.read.1.tlog
c:\users\phucdeptrai\source\repos\dsa mid\dsa mid\x64\debug\dsa mid.tlog\link.23984-rc.write.1.tlog
c:\users\phucdeptrai\source\repos\dsa mid\dsa mid\x64\debug\dsa mid.tlog\link.23984.read.1.tlog
c:\users\phucdeptrai\source\repos\dsa mid\dsa mid\x64\debug\dsa mid.tlog\link.23984.read.2.tlog
c:\users\phucdeptrai\source\repos\dsa mid\dsa mid\x64\debug\dsa mid.tlog\link.23984.read.3.tlog
c:\users\phucdeptrai\source\repos\dsa mid\dsa mid\x64\debug\dsa mid.tlog\link.23984.read.4.tlog
c:\users\phucdeptrai\source\repos\dsa mid\dsa mid\x64\debug\dsa mid.tlog\link.23984.write.1.tlog
c:\users\phucdeptrai\source\repos\dsa mid\dsa mid\x64\debug\dsa mid.tlog\link.command.1.tlog
c:\users\phucdeptrai\source\repos\dsa mid\dsa mid\x64\debug\dsa mid.tlog\link.read.1.tlog
c:\users\phucdeptrai\source\repos\dsa mid\dsa mid\x64\debug\dsa mid.tlog\link.secondary.1.tlog
c:\users\phucdeptrai\source\repos\dsa mid\dsa mid\x64\debug\dsa mid.tlog\link.write.1.tlog
